<?xml version="1.0" encoding="UTF-8" ?>
<testsuites>
  <testsuite errors="0" failures="0" hostname="Mikes-MacBook-Pro.local" id="0" name="DummyTests" package="" tests="1" time="0.211" timestamp="2013-06-30T22:33:46">
      <properties />

      <testcase classname="DummyTests" name="testDummySomething" time="0.199" />

      <system-out><![CDATA[--Output from testDummySomething--
[Project New Markets, Mac OS X 2010]
[Omega, Apple, Saab]
]]></system-out>

      <system-err><![CDATA[--Output from testDummySomething--
]]></system-err>

  </testsuite>
  <testsuite errors="0" failures="0" hostname="Mikes-MacBook-Pro.local" id="1" name="MyTests" package="" tests="3" time="0.111" timestamp="2013-06-30T22:33:46">
      <properties />

      <testcase classname="MyTests" name="testFirstRelation" time="0.05" />

      <testcase classname="MyTests" name="testSecondRelation" time="0.026" />

      <testcase classname="MyTests" name="testPrintData" time="0.03" />

      <system-out><![CDATA[--Output from testFirstRelation--
--Output from testSecondRelation--
--Output from testPrintData--
[Omega, Apple, Saab]
[Project New Markets, Mac OS X 2010]
]]></system-out>

      <system-err><![CDATA[--Output from testFirstRelation--
--Output from testSecondRelation--
--Output from testPrintData--
]]></system-err>

  </testsuite>
</testsuites>
